2026-01-28 17:23:24.372 | INFO     | __main__:main:286 - ============================================================
2026-01-28 17:23:24.372 | INFO     | __main__:main:287 - Relationship Discovery
2026-01-28 17:23:24.372 | INFO     | __main__:main:288 - ============================================================
2026-01-28 17:23:24.372 | INFO     | __main__:main:289 - Correction method: none
2026-01-28 17:23:24.372 | INFO     | __main__:main:290 - Min effect size: 0.2
2026-01-28 17:23:24.372 | INFO     | __main__:main:291 - Correlation method: spearman
2026-01-28 17:23:24.375 | INFO     | __main__:load_data:47 - Loaded sensor features: (49, 16)
2026-01-28 17:23:24.376 | INFO     | __main__:load_data:52 - Loaded survey scores: (84, 24)
2026-01-28 17:23:24.376 | INFO     | __main__:load_data:59 - Loaded grades: (30, 4)
2026-01-28 17:23:24.377 | INFO     | __main__:prepare_feature_matrix:77 - Feature matrix shape: (49, 11)
2026-01-28 17:23:24.377 | INFO     | __main__:prepare_feature_matrix:78 - Features: ['location_entropy', 'home_stay_ratio', 'n_unique_locations', 'total_distance', 'mean_daily_distance', 'total_screen_time', 'unlock_count', 'session_duration_mean', 'session_duration_std', 'night_usage_ratio', 'unlock_count_daily']
2026-01-28 17:23:24.388 | INFO     | __main__:prepare_survey_matrix:108 - Survey matrix shape: (49, 10)
2026-01-28 17:23:24.388 | INFO     | __main__:prepare_survey_matrix:109 - Survey columns: ['total_score', 'Q1_score', 'Q2_score', 'Q3_score', 'Q4_score', 'Q5_score', 'Q6_score', 'Q7_score', 'Q8_score', 'Q9_score']
2026-01-28 17:23:24.389 | INFO     | __main__:main:318 - 
--- Analyzing Sensor-PHQ9 Relationships ---
2026-01-28 17:23:24.389 | INFO     | src.analysis.discovery.correlation:compute_all_correlations:127 - Computing 110 correlations (11 features × 10 survey items)
2026-01-28 17:23:24.404 | INFO     | src.analysis.discovery.correlation:compute_all_correlations:194 - Computed 110 valid correlations
2026-01-28 17:23:24.410 | INFO     | __main__:prepare_grades_matrix:139 - Grades matrix shape: (49, 2)
2026-01-28 17:23:24.410 | INFO     | __main__:prepare_grades_matrix:140 - GPA columns: ['gpa_all', 'gpa_13s']
2026-01-28 17:23:24.411 | INFO     | __main__:main:327 - 
--- Analyzing Sensor-GPA Relationships ---
2026-01-28 17:23:24.411 | INFO     | src.analysis.discovery.correlation:compute_all_correlations:127 - Computing 22 correlations (11 features × 2 survey items)
2026-01-28 17:23:24.414 | INFO     | src.analysis.discovery.correlation:compute_all_correlations:194 - Computed 22 valid correlations
2026-01-28 17:23:24.414 | INFO     | src.analysis.discovery.correlation:filter_significant:317 - Filtered to 1 significant relationships (α=0.05, min_effect=0.2)
2026-01-28 17:23:24.414 | INFO     | __main__:main:339 - 
============================================================
2026-01-28 17:23:24.414 | INFO     | __main__:main:340 - SUMMARY
2026-01-28 17:23:24.414 | INFO     | __main__:main:341 - ============================================================
2026-01-28 17:23:24.414 | INFO     | __main__:main:342 - Total tests: 22
2026-01-28 17:23:24.414 | INFO     | __main__:main:343 - Significant (p_adj < 0.05): 1
2026-01-28 17:23:24.414 | INFO     | __main__:main:344 - Meaningful (effect >= 0.2): 2
2026-01-28 17:23:24.414 | INFO     | __main__:main:345 - Both significant AND meaningful: 1
2026-01-28 17:23:24.414 | INFO     | __main__:main:348 - 
--- Top Significant Relationships ---
2026-01-28 17:23:24.414 | INFO     | __main__:main:350 -   session_duration_std <-> gpa_13s: r=0.406, p_adj=0.0258, effect=0.406 (medium)
2026-01-28 17:23:24.416 | INFO     | __main__:save_results:226 - Saved all correlations to outputs/relations/all_correlations.csv
2026-01-28 17:23:24.416 | INFO     | __main__:save_results:239 - Saved significant relations to outputs/relations/significant_relations.json
2026-01-28 17:23:24.615 | INFO     | __main__:plot_correlation_heatmap:195 - Saved heatmap to outputs/relations/relation_heatmap.png
2026-01-28 17:23:24.616 | INFO     | __main__:main:365 - 
Relationship discovery complete!
