2026-01-28 18:55:05.915 | INFO     | __main__:main:354 - ============================================================
2026-01-28 18:55:05.915 | INFO     | __main__:main:355 - Relationship Discovery
2026-01-28 18:55:05.915 | INFO     | __main__:main:356 - ============================================================
2026-01-28 18:55:05.915 | INFO     | __main__:main:357 - Correction method: fdr_bh
2026-01-28 18:55:05.915 | INFO     | __main__:main:358 - Min effect size: 0.3
2026-01-28 18:55:05.915 | INFO     | __main__:main:359 - Correlation method: spearman
2026-01-28 18:55:05.918 | INFO     | __main__:load_data:52 - Loaded user-level features: (49, 24)
2026-01-28 18:55:05.922 | INFO     | __main__:load_data:59 - Loaded temporal features: (2847, 154)
2026-01-28 18:55:05.923 | INFO     | __main__:load_data:64 - Loaded survey scores: (84, 24)
2026-01-28 18:55:05.923 | INFO     | __main__:load_data:71 - Loaded grades: (30, 4)
2026-01-28 18:55:05.923 | INFO     | __main__:main:382 - 
============================================================
2026-01-28 18:55:05.923 | INFO     | __main__:main:383 - PART 1: User-Level Analysis
2026-01-28 18:55:05.923 | INFO     | __main__:main:384 - ============================================================
2026-01-28 18:55:05.927 | INFO     | __main__:prepare_feature_matrix:89 - User-level feature matrix shape: (49, 20)
2026-01-28 18:55:05.928 | INFO     | __main__:prepare_feature_matrix:90 - Features: ['location_entropy_mean', 'location_entropy_std', 'home_stay_ratio_mean', 'home_stay_ratio_std', 'n_locations_mean', 'n_locations_std', 'total_distance_mean', 'total_distance_std', 'radius_of_gyration_mean', 'radius_of_gyration_std', 'unlock_count_mean', 'unlock_count_std', 'screen_time_mean', 'screen_time_std', 'session_duration_mean_mean', 'session_duration_mean_std', 'session_duration_std_mean', 'session_duration_std_std', 'night_usage_ratio_mean', 'night_usage_ratio_std']
2026-01-28 18:55:05.941 | INFO     | __main__:prepare_survey_matrix:146 - Survey matrix shape: (49, 10)
2026-01-28 18:55:05.941 | INFO     | __main__:prepare_survey_matrix:147 - Survey columns: ['total_score', 'Q1_score', 'Q2_score', 'Q3_score', 'Q4_score', 'Q5_score', 'Q6_score', 'Q7_score', 'Q8_score', 'Q9_score']
2026-01-28 18:55:05.942 | INFO     | __main__:main:391 - 
--- Analyzing User-Level Sensor-PHQ9 Relationships ---
2026-01-28 18:55:05.942 | INFO     | src.analysis.discovery.correlation:compute_all_correlations:127 - Computing 200 correlations (20 features × 10 survey items)
2026-01-28 18:55:05.971 | INFO     | src.analysis.discovery.correlation:compute_all_correlations:194 - Computed 200 valid correlations
2026-01-28 18:55:05.971 | INFO     | src.analysis.discovery.correlation:filter_significant:317 - Filtered to 0 significant relationships (α=0.05, min_effect=0.3)
2026-01-28 18:55:05.971 | INFO     | __main__:main:404 - Total tests: 200
2026-01-28 18:55:05.971 | INFO     | __main__:main:405 - Significant (p_adj < 0.05): 0
2026-01-28 18:55:05.971 | INFO     | __main__:main:406 - Meaningful (effect >= 0.3): 20
2026-01-28 18:55:06.218 | INFO     | __main__:plot_correlation_heatmap:254 - Saved heatmap to outputs/relations/user_level_heatmap.png
2026-01-28 18:55:06.223 | INFO     | __main__:prepare_grades_matrix:177 - Grades matrix shape: (49, 2)
2026-01-28 18:55:06.223 | INFO     | __main__:prepare_grades_matrix:178 - GPA columns: ['gpa_all', 'gpa_13s']
2026-01-28 18:55:06.223 | INFO     | __main__:main:418 - 
--- Analyzing User-Level Sensor-GPA Relationships ---
2026-01-28 18:55:06.224 | INFO     | src.analysis.discovery.correlation:compute_all_correlations:127 - Computing 40 correlations (20 features × 2 survey items)
2026-01-28 18:55:06.230 | INFO     | src.analysis.discovery.correlation:compute_all_correlations:194 - Computed 40 valid correlations
2026-01-28 18:55:06.230 | INFO     | src.analysis.discovery.correlation:filter_significant:317 - Filtered to 0 significant relationships (α=0.05, min_effect=0.3)
2026-01-28 18:55:06.230 | INFO     | __main__:main:431 - 
============================================================
2026-01-28 18:55:06.230 | INFO     | __main__:main:432 - PART 2: Temporal Feature Analysis
2026-01-28 18:55:06.230 | INFO     | __main__:main:433 - ============================================================
2026-01-28 18:55:06.234 | INFO     | __main__:prepare_temporal_feature_matrix:115 - Temporal feature matrix shape: (50, 152)
2026-01-28 18:55:06.234 | INFO     | __main__:prepare_temporal_feature_matrix:116 - Temporal features: 152 columns
2026-01-28 18:55:06.245 | INFO     | __main__:prepare_survey_matrix:146 - Survey matrix shape: (50, 10)
2026-01-28 18:55:06.245 | INFO     | __main__:prepare_survey_matrix:147 - Survey columns: ['total_score', 'Q1_score', 'Q2_score', 'Q3_score', 'Q4_score', 'Q5_score', 'Q6_score', 'Q7_score', 'Q8_score', 'Q9_score']
2026-01-28 18:55:06.245 | INFO     | __main__:main:445 - 
--- Analyzing Temporal Sensor-PHQ9 Relationships ---
2026-01-28 18:55:06.245 | INFO     | src.analysis.discovery.correlation:compute_all_correlations:127 - Computing 1520 correlations (152 features × 10 survey items)
