2026-01-28 20:59:04.405 | INFO     | __main__:get_device:74 - Using MPS (Apple Silicon)
2026-01-28 20:59:04.405 | INFO     | __main__:main:640 - ============================================================
2026-01-28 20:59:04.405 | INFO     | __main__:main:641 - GNN Model Training
2026-01-28 20:59:04.405 | INFO     | __main__:main:642 - ============================================================
2026-01-28 20:59:04.405 | INFO     | __main__:main:643 - Device: mps
2026-01-28 20:59:04.405 | INFO     | __main__:main:644 - PyTorch version: 2.9.1
2026-01-28 20:59:04.453 | INFO     | __main__:load_data:120 - Loaded gps daily: (2768, 7)
2026-01-28 20:59:04.454 | INFO     | __main__:load_data:120 - Loaded phone daily: (2518, 7)
2026-01-28 20:59:04.459 | INFO     | __main__:load_data:127 - Loaded temporal features: (2847, 154)
2026-01-28 20:59:04.460 | INFO     | __main__:load_data:134 - Loaded KG: 34 nodes, 38 edges
2026-01-28 20:59:04.460 | INFO     | __main__:load_data:136 - Loaded user features: (49, 24)
2026-01-28 20:59:04.460 | INFO     | __main__:load_data:137 - Loaded surveys: (84, 24)
2026-01-28 20:59:04.460 | INFO     | __main__:main:659 - 
--- Preparing Multi-Modal Dataset ---
2026-01-28 20:59:04.471 | INFO     | __main__:prepare_dataset:188 -   gps: 10 features
2026-01-28 20:59:04.472 | INFO     | __main__:prepare_dataset:188 -   phone: 10 features
2026-01-28 20:59:04.490 | INFO     | __main__:prepare_dataset:218 - Prepared dataset: 46 users, y range: [0.0, 23.0]
2026-01-28 20:59:04.490 | INFO     | __main__:prepare_dataset:220 -   gps: shape (46, 10)
2026-01-28 20:59:04.490 | INFO     | __main__:prepare_dataset:220 -   phone: shape (46, 10)
2026-01-28 20:59:04.490 | INFO     | __main__:main:668 - Available modalities: ['gps', 'phone']
2026-01-28 20:59:04.490 | INFO     | __main__:main:671 - 
--- Building User Graph (k=5) ---
2026-01-28 20:59:04.599 | INFO     | __main__:main:673 - Graph edges: 230
2026-01-28 20:59:04.599 | INFO     | __main__:main:687 - 
--- Running 3-Fold Cross-Validation ---
2026-01-28 20:59:04.607 | INFO     | __main__:cross_validate:490 - 
--- Fold 1/3 ---
